<?xml version="1.0" encoding="UTF-8"?>
<testsuite name="com.group.libraryapp.service.user.UserServiceTest" tests="4" skipped="0" failures="0" errors="0" timestamp="2023-10-09T08:47:14" hostname="yechan-ui-MacBookPro.local" time="0.036">
  <properties/>
  <testcase name="유저 저장이 정상 동작한다" classname="com.group.libraryapp.service.user.UserServiceTest" time="0.008"/>
  <testcase name="유저 업데이트가 정상 동작한다." classname="com.group.libraryapp.service.user.UserServiceTest" time="0.007"/>
  <testcase name="유저 조회가 정상 동작한다." classname="com.group.libraryapp.service.user.UserServiceTest" time="0.012"/>
  <testcase name="유저 삭제가 정상 동작한다." classname="com.group.libraryapp.service.user.UserServiceTest" time="0.006"/>
  <system-out><![CDATA[2023-10-09 17:47:14.678  INFO 21872 --- [    Test worker] .b.t.c.SpringBootTestContextBootstrapper : Neither @ContextConfiguration nor @ContextHierarchy found for test class [com.group.libraryapp.service.user.UserServiceTest], using SpringBootContextLoader
2023-10-09 17:47:14.679  INFO 21872 --- [    Test worker] o.s.t.c.support.AbstractContextLoader    : Could not detect default resource locations for test class [com.group.libraryapp.service.user.UserServiceTest]: no resource found for suffixes {-context.xml, Context.groovy}.
2023-10-09 17:47:14.679  INFO 21872 --- [    Test worker] t.c.s.AnnotationConfigContextLoaderUtils : Could not detect default configuration classes for test class [com.group.libraryapp.service.user.UserServiceTest]: UserServiceTest does not declare any static, non-private, non-final, nested classes annotated with @Configuration.
2023-10-09 17:47:14.681  INFO 21872 --- [    Test worker] .b.t.c.SpringBootTestContextBootstrapper : Found @SpringBootConfiguration com.group.libraryapp.LibraryAppApplication for test class com.group.libraryapp.service.user.UserServiceTest
2023-10-09 17:47:14.682  INFO 21872 --- [    Test worker] .b.t.c.SpringBootTestContextBootstrapper : Loaded default TestExecutionListener class names from location [META-INF/spring.factories]: [org.springframework.boot.test.autoconfigure.restdocs.RestDocsTestExecutionListener, org.springframework.boot.test.autoconfigure.web.client.MockRestServiceServerResetTestExecutionListener, org.springframework.boot.test.autoconfigure.web.servlet.MockMvcPrintOnlyOnFailureTestExecutionListener, org.springframework.boot.test.autoconfigure.web.servlet.WebDriverTestExecutionListener, org.springframework.boot.test.autoconfigure.webservices.client.MockWebServiceServerTestExecutionListener, org.springframework.boot.test.mock.mockito.MockitoTestExecutionListener, org.springframework.boot.test.mock.mockito.ResetMocksTestExecutionListener, org.springframework.test.context.web.ServletTestExecutionListener, org.springframework.test.context.support.DirtiesContextBeforeModesTestExecutionListener, org.springframework.test.context.event.ApplicationEventsTestExecutionListener, org.springframework.test.context.support.DependencyInjectionTestExecutionListener, org.springframework.test.context.support.DirtiesContextTestExecutionListener, org.springframework.test.context.transaction.TransactionalTestExecutionListener, org.springframework.test.context.jdbc.SqlScriptsTestExecutionListener, org.springframework.test.context.event.EventPublishingTestExecutionListener]
2023-10-09 17:47:14.682  INFO 21872 --- [    Test worker] .b.t.c.SpringBootTestContextBootstrapper : Using TestExecutionListeners: [org.springframework.test.context.web.ServletTestExecutionListener@394e0104, org.springframework.test.context.support.DirtiesContextBeforeModesTestExecutionListener@1e5f3c4a, org.springframework.test.context.event.ApplicationEventsTestExecutionListener@2aea7775, org.springframework.boot.test.mock.mockito.MockitoTestExecutionListener@5502f74c, org.springframework.boot.test.autoconfigure.SpringBootDependencyInjectionTestExecutionListener@1c8d9ac9, org.springframework.test.context.support.DirtiesContextTestExecutionListener@7b57587e, org.springframework.test.context.transaction.TransactionalTestExecutionListener@2ffc9be, org.springframework.test.context.jdbc.SqlScriptsTestExecutionListener@4005e63a, org.springframework.test.context.event.EventPublishingTestExecutionListener@30ae6721, org.springframework.boot.test.autoconfigure.restdocs.RestDocsTestExecutionListener@717b4de2, org.springframework.boot.test.autoconfigure.web.client.MockRestServiceServerResetTestExecutionListener@d35d84a, org.springframework.boot.test.autoconfigure.web.servlet.MockMvcPrintOnlyOnFailureTestExecutionListener@626edbe0, org.springframework.boot.test.autoconfigure.web.servlet.WebDriverTestExecutionListener@213a2fe3, org.springframework.boot.test.autoconfigure.webservices.client.MockWebServiceServerTestExecutionListener@a05727b, org.springframework.boot.test.mock.mockito.ResetMocksTestExecutionListener@29511cf9]
Hibernate: 
    insert 
    into
        user
        (id, age, name) 
    values
        (default, ?, ?)
Hibernate: 
    select
        user0_.id as id1_1_,
        user0_.age as age2_1_,
        user0_.name as name3_1_ 
    from
        user user0_
Hibernate: 
    select
        user0_.id as id1_1_,
        user0_.age as age2_1_,
        user0_.name as name3_1_ 
    from
        user user0_
Hibernate: 
    select
        userloanhi0_.user_id as user_id4_2_0_,
        userloanhi0_.id as id1_2_0_,
        userloanhi0_.id as id1_2_1_,
        userloanhi0_.book_name as book_nam2_2_1_,
        userloanhi0_.is_return as is_retur3_2_1_,
        userloanhi0_.user_id as user_id4_2_1_ 
    from
        user_loan_history userloanhi0_ 
    where
        userloanhi0_.user_id=?
Hibernate: 
    delete 
    from
        user 
    where
        id=?
Hibernate: 
    insert 
    into
        user
        (id, age, name) 
    values
        (default, ?, ?)
Hibernate: 
    select
        user0_.id as id1_1_0_,
        user0_.age as age2_1_0_,
        user0_.name as name3_1_0_ 
    from
        user user0_ 
    where
        user0_.id=?
Hibernate: 
    update
        user 
    set
        age=?,
        name=? 
    where
        id=?
Hibernate: 
    select
        user0_.id as id1_1_,
        user0_.age as age2_1_,
        user0_.name as name3_1_ 
    from
        user user0_
Hibernate: 
    select
        user0_.id as id1_1_,
        user0_.age as age2_1_,
        user0_.name as name3_1_ 
    from
        user user0_
Hibernate: 
    select
        userloanhi0_.user_id as user_id4_2_0_,
        userloanhi0_.id as id1_2_0_,
        userloanhi0_.id as id1_2_1_,
        userloanhi0_.book_name as book_nam2_2_1_,
        userloanhi0_.is_return as is_retur3_2_1_,
        userloanhi0_.user_id as user_id4_2_1_ 
    from
        user_loan_history userloanhi0_ 
    where
        userloanhi0_.user_id=?
Hibernate: 
    delete 
    from
        user 
    where
        id=?
Hibernate: 
    insert 
    into
        user
        (id, age, name) 
    values
        (default, ?, ?)
Hibernate: 
    insert 
    into
        user
        (id, age, name) 
    values
        (default, ?, ?)
Hibernate: 
    select
        user0_.id as id1_1_,
        user0_.age as age2_1_,
        user0_.name as name3_1_ 
    from
        user user0_
Hibernate: 
    select
        user0_.id as id1_1_,
        user0_.age as age2_1_,
        user0_.name as name3_1_ 
    from
        user user0_
Hibernate: 
    select
        userloanhi0_.user_id as user_id4_2_0_,
        userloanhi0_.id as id1_2_0_,
        userloanhi0_.id as id1_2_1_,
        userloanhi0_.book_name as book_nam2_2_1_,
        userloanhi0_.is_return as is_retur3_2_1_,
        userloanhi0_.user_id as user_id4_2_1_ 
    from
        user_loan_history userloanhi0_ 
    where
        userloanhi0_.user_id=?
Hibernate: 
    select
        userloanhi0_.user_id as user_id4_2_0_,
        userloanhi0_.id as id1_2_0_,
        userloanhi0_.id as id1_2_1_,
        userloanhi0_.book_name as book_nam2_2_1_,
        userloanhi0_.is_return as is_retur3_2_1_,
        userloanhi0_.user_id as user_id4_2_1_ 
    from
        user_loan_history userloanhi0_ 
    where
        userloanhi0_.user_id=?
Hibernate: 
    delete 
    from
        user 
    where
        id=?
Hibernate: 
    delete 
    from
        user 
    where
        id=?
Hibernate: 
    insert 
    into
        user
        (id, age, name) 
    values
        (default, ?, ?)
Hibernate: 
    select
        user0_.id as id1_1_,
        user0_.age as age2_1_,
        user0_.name as name3_1_ 
    from
        user user0_ 
    where
        user0_.name=?
Hibernate: 
    select
        userloanhi0_.user_id as user_id4_2_0_,
        userloanhi0_.id as id1_2_0_,
        userloanhi0_.id as id1_2_1_,
        userloanhi0_.book_name as book_nam2_2_1_,
        userloanhi0_.is_return as is_retur3_2_1_,
        userloanhi0_.user_id as user_id4_2_1_ 
    from
        user_loan_history userloanhi0_ 
    where
        userloanhi0_.user_id=?
Hibernate: 
    delete 
    from
        user 
    where
        id=?
Hibernate: 
    select
        user0_.id as id1_1_,
        user0_.age as age2_1_,
        user0_.name as name3_1_ 
    from
        user user0_
Hibernate: 
    select
        user0_.id as id1_1_,
        user0_.age as age2_1_,
        user0_.name as name3_1_ 
    from
        user user0_
]]></system-out>
  <system-err><![CDATA[]]></system-err>
</testsuite>
