<?xml version="1.0" encoding="UTF-8"?>
<testsuite name="com.group.libraryapp.service.user.UserServiceTest" tests="6" skipped="0" failures="0" errors="0" timestamp="2023-10-11T03:12:43" hostname="yechan-ui-MacBookPro.local" time="0.059">
  <properties/>
  <testcase name="유저 저장이 정상 동작한다" classname="com.group.libraryapp.service.user.UserServiceTest" time="0.009"/>
  <testcase name="유저 업데이트가 정상 동작한다." classname="com.group.libraryapp.service.user.UserServiceTest" time="0.008"/>
  <testcase name="유저 조회가 정상 동작한다." classname="com.group.libraryapp.service.user.UserServiceTest" time="0.012"/>
  <testcase name="대출 기록이 없는 유저도 응답에 포함된다" classname="com.group.libraryapp.service.user.UserServiceTest" time="0.008"/>
  <testcase name="대출 기록이 많은 유저의 응답이 정상 동작한다" classname="com.group.libraryapp.service.user.UserServiceTest" time="0.011"/>
  <testcase name="유저 삭제가 정상 동작한다." classname="com.group.libraryapp.service.user.UserServiceTest" time="0.005"/>
  <system-out><![CDATA[2023-10-11 12:12:43.345  INFO 88864 --- [    Test worker] .b.t.c.SpringBootTestContextBootstrapper : Neither @ContextConfiguration nor @ContextHierarchy found for test class [com.group.libraryapp.service.user.UserServiceTest], using SpringBootContextLoader
2023-10-11 12:12:43.346  INFO 88864 --- [    Test worker] o.s.t.c.support.AbstractContextLoader    : Could not detect default resource locations for test class [com.group.libraryapp.service.user.UserServiceTest]: no resource found for suffixes {-context.xml, Context.groovy}.
2023-10-11 12:12:43.346  INFO 88864 --- [    Test worker] t.c.s.AnnotationConfigContextLoaderUtils : Could not detect default configuration classes for test class [com.group.libraryapp.service.user.UserServiceTest]: UserServiceTest does not declare any static, non-private, non-final, nested classes annotated with @Configuration.
2023-10-11 12:12:43.348  INFO 88864 --- [    Test worker] .b.t.c.SpringBootTestContextBootstrapper : Found @SpringBootConfiguration com.group.libraryapp.LibraryAppApplication for test class com.group.libraryapp.service.user.UserServiceTest
2023-10-11 12:12:43.349  INFO 88864 --- [    Test worker] .b.t.c.SpringBootTestContextBootstrapper : Loaded default TestExecutionListener class names from location [META-INF/spring.factories]: [org.springframework.boot.test.autoconfigure.restdocs.RestDocsTestExecutionListener, org.springframework.boot.test.autoconfigure.web.client.MockRestServiceServerResetTestExecutionListener, org.springframework.boot.test.autoconfigure.web.servlet.MockMvcPrintOnlyOnFailureTestExecutionListener, org.springframework.boot.test.autoconfigure.web.servlet.WebDriverTestExecutionListener, org.springframework.boot.test.autoconfigure.webservices.client.MockWebServiceServerTestExecutionListener, org.springframework.boot.test.mock.mockito.MockitoTestExecutionListener, org.springframework.boot.test.mock.mockito.ResetMocksTestExecutionListener, org.springframework.test.context.web.ServletTestExecutionListener, org.springframework.test.context.support.DirtiesContextBeforeModesTestExecutionListener, org.springframework.test.context.event.ApplicationEventsTestExecutionListener, org.springframework.test.context.support.DependencyInjectionTestExecutionListener, org.springframework.test.context.support.DirtiesContextTestExecutionListener, org.springframework.test.context.transaction.TransactionalTestExecutionListener, org.springframework.test.context.jdbc.SqlScriptsTestExecutionListener, org.springframework.test.context.event.EventPublishingTestExecutionListener]
2023-10-11 12:12:43.349  INFO 88864 --- [    Test worker] .b.t.c.SpringBootTestContextBootstrapper : Using TestExecutionListeners: [org.springframework.test.context.web.ServletTestExecutionListener@5a02fca5, org.springframework.test.context.support.DirtiesContextBeforeModesTestExecutionListener@6b3a1151, org.springframework.test.context.event.ApplicationEventsTestExecutionListener@c9234a0, org.springframework.boot.test.mock.mockito.MockitoTestExecutionListener@46bbcb82, org.springframework.boot.test.autoconfigure.SpringBootDependencyInjectionTestExecutionListener@b91e024, org.springframework.test.context.support.DirtiesContextTestExecutionListener@309ac89e, org.springframework.test.context.transaction.TransactionalTestExecutionListener@2db0dd19, org.springframework.test.context.jdbc.SqlScriptsTestExecutionListener@354ff4f6, org.springframework.test.context.event.EventPublishingTestExecutionListener@315bb2bb, org.springframework.boot.test.autoconfigure.restdocs.RestDocsTestExecutionListener@57e35236, org.springframework.boot.test.autoconfigure.web.client.MockRestServiceServerResetTestExecutionListener@7c9015c6, org.springframework.boot.test.autoconfigure.web.servlet.MockMvcPrintOnlyOnFailureTestExecutionListener@36b2b6e6, org.springframework.boot.test.autoconfigure.web.servlet.WebDriverTestExecutionListener@5a9004e1, org.springframework.boot.test.autoconfigure.webservices.client.MockWebServiceServerTestExecutionListener@17af9f67, org.springframework.boot.test.mock.mockito.ResetMocksTestExecutionListener@6b6d8671]
Hibernate: 
    insert 
    into
        user
        (id, age, name) 
    values
        (default, ?, ?)
Hibernate: 
    select
        user0_.id as id1_1_,
        user0_.age as age2_1_,
        user0_.name as name3_1_ 
    from
        user user0_
클린 시작
Hibernate: 
    select
        user0_.id as id1_1_,
        user0_.age as age2_1_,
        user0_.name as name3_1_ 
    from
        user user0_
Hibernate: 
    select
        userloanhi0_.user_id as user_id4_2_0_,
        userloanhi0_.id as id1_2_0_,
        userloanhi0_.id as id1_2_1_,
        userloanhi0_.book_name as book_nam2_2_1_,
        userloanhi0_.status as status3_2_1_,
        userloanhi0_.user_id as user_id4_2_1_ 
    from
        user_loan_history userloanhi0_ 
    where
        userloanhi0_.user_id=?
Hibernate: 
    delete 
    from
        user 
    where
        id=?
Hibernate: 
    insert 
    into
        user
        (id, age, name) 
    values
        (default, ?, ?)
Hibernate: 
    select
        user0_.id as id1_1_0_,
        user0_.age as age2_1_0_,
        user0_.name as name3_1_0_ 
    from
        user user0_ 
    where
        user0_.id=?
Hibernate: 
    update
        user 
    set
        age=?,
        name=? 
    where
        id=?
Hibernate: 
    select
        user0_.id as id1_1_,
        user0_.age as age2_1_,
        user0_.name as name3_1_ 
    from
        user user0_
클린 시작
Hibernate: 
    select
        user0_.id as id1_1_,
        user0_.age as age2_1_,
        user0_.name as name3_1_ 
    from
        user user0_
Hibernate: 
    select
        userloanhi0_.user_id as user_id4_2_0_,
        userloanhi0_.id as id1_2_0_,
        userloanhi0_.id as id1_2_1_,
        userloanhi0_.book_name as book_nam2_2_1_,
        userloanhi0_.status as status3_2_1_,
        userloanhi0_.user_id as user_id4_2_1_ 
    from
        user_loan_history userloanhi0_ 
    where
        userloanhi0_.user_id=?
Hibernate: 
    delete 
    from
        user 
    where
        id=?
Hibernate: 
    insert 
    into
        user
        (id, age, name) 
    values
        (default, ?, ?)
Hibernate: 
    insert 
    into
        user
        (id, age, name) 
    values
        (default, ?, ?)
Hibernate: 
    select
        user0_.id as id1_1_,
        user0_.age as age2_1_,
        user0_.name as name3_1_ 
    from
        user user0_
클린 시작
Hibernate: 
    select
        user0_.id as id1_1_,
        user0_.age as age2_1_,
        user0_.name as name3_1_ 
    from
        user user0_
Hibernate: 
    select
        userloanhi0_.user_id as user_id4_2_0_,
        userloanhi0_.id as id1_2_0_,
        userloanhi0_.id as id1_2_1_,
        userloanhi0_.book_name as book_nam2_2_1_,
        userloanhi0_.status as status3_2_1_,
        userloanhi0_.user_id as user_id4_2_1_ 
    from
        user_loan_history userloanhi0_ 
    where
        userloanhi0_.user_id=?
Hibernate: 
    select
        userloanhi0_.user_id as user_id4_2_0_,
        userloanhi0_.id as id1_2_0_,
        userloanhi0_.id as id1_2_1_,
        userloanhi0_.book_name as book_nam2_2_1_,
        userloanhi0_.status as status3_2_1_,
        userloanhi0_.user_id as user_id4_2_1_ 
    from
        user_loan_history userloanhi0_ 
    where
        userloanhi0_.user_id=?
Hibernate: 
    delete 
    from
        user 
    where
        id=?
Hibernate: 
    delete 
    from
        user 
    where
        id=?
Hibernate: 
    insert 
    into
        user
        (id, age, name) 
    values
        (default, ?, ?)
Hibernate: 
    select
        distinct user0_.id as id1_1_0_,
        userloanhi1_.id as id1_2_1_,
        user0_.age as age2_1_0_,
        user0_.name as name3_1_0_,
        userloanhi1_.book_name as book_nam2_2_1_,
        userloanhi1_.status as status3_2_1_,
        userloanhi1_.user_id as user_id4_2_1_,
        userloanhi1_.user_id as user_id4_2_0__,
        userloanhi1_.id as id1_2_0__ 
    from
        user user0_ 
    left outer join
        user_loan_history userloanhi1_ 
            on user0_.id=userloanhi1_.user_id
클린 시작
Hibernate: 
    select
        user0_.id as id1_1_,
        user0_.age as age2_1_,
        user0_.name as name3_1_ 
    from
        user user0_
Hibernate: 
    select
        userloanhi0_.user_id as user_id4_2_0_,
        userloanhi0_.id as id1_2_0_,
        userloanhi0_.id as id1_2_1_,
        userloanhi0_.book_name as book_nam2_2_1_,
        userloanhi0_.status as status3_2_1_,
        userloanhi0_.user_id as user_id4_2_1_ 
    from
        user_loan_history userloanhi0_ 
    where
        userloanhi0_.user_id=?
Hibernate: 
    delete 
    from
        user 
    where
        id=?
Hibernate: 
    insert 
    into
        user
        (id, age, name) 
    values
        (default, ?, ?)
Hibernate: 
    insert 
    into
        user_loan_history
        (id, book_name, status, user_id) 
    values
        (default, ?, ?, ?)
Hibernate: 
    insert 
    into
        user_loan_history
        (id, book_name, status, user_id) 
    values
        (default, ?, ?, ?)
Hibernate: 
    insert 
    into
        user_loan_history
        (id, book_name, status, user_id) 
    values
        (default, ?, ?, ?)
Hibernate: 
    select
        distinct user0_.id as id1_1_0_,
        userloanhi1_.id as id1_2_1_,
        user0_.age as age2_1_0_,
        user0_.name as name3_1_0_,
        userloanhi1_.book_name as book_nam2_2_1_,
        userloanhi1_.status as status3_2_1_,
        userloanhi1_.user_id as user_id4_2_1_,
        userloanhi1_.user_id as user_id4_2_0__,
        userloanhi1_.id as id1_2_0__ 
    from
        user user0_ 
    left outer join
        user_loan_history userloanhi1_ 
            on user0_.id=userloanhi1_.user_id
클린 시작
Hibernate: 
    select
        user0_.id as id1_1_,
        user0_.age as age2_1_,
        user0_.name as name3_1_ 
    from
        user user0_
Hibernate: 
    select
        userloanhi0_.user_id as user_id4_2_0_,
        userloanhi0_.id as id1_2_0_,
        userloanhi0_.id as id1_2_1_,
        userloanhi0_.book_name as book_nam2_2_1_,
        userloanhi0_.status as status3_2_1_,
        userloanhi0_.user_id as user_id4_2_1_ 
    from
        user_loan_history userloanhi0_ 
    where
        userloanhi0_.user_id=?
Hibernate: 
    delete 
    from
        user_loan_history 
    where
        id=?
Hibernate: 
    delete 
    from
        user_loan_history 
    where
        id=?
Hibernate: 
    delete 
    from
        user_loan_history 
    where
        id=?
Hibernate: 
    delete 
    from
        user 
    where
        id=?
Hibernate: 
    insert 
    into
        user
        (id, age, name) 
    values
        (default, ?, ?)
Hibernate: 
    select
        user0_.id as id1_1_,
        user0_.age as age2_1_,
        user0_.name as name3_1_ 
    from
        user user0_ 
    where
        user0_.name=?
Hibernate: 
    select
        userloanhi0_.user_id as user_id4_2_0_,
        userloanhi0_.id as id1_2_0_,
        userloanhi0_.id as id1_2_1_,
        userloanhi0_.book_name as book_nam2_2_1_,
        userloanhi0_.status as status3_2_1_,
        userloanhi0_.user_id as user_id4_2_1_ 
    from
        user_loan_history userloanhi0_ 
    where
        userloanhi0_.user_id=?
Hibernate: 
    delete 
    from
        user 
    where
        id=?
Hibernate: 
    select
        user0_.id as id1_1_,
        user0_.age as age2_1_,
        user0_.name as name3_1_ 
    from
        user user0_
클린 시작
Hibernate: 
    select
        user0_.id as id1_1_,
        user0_.age as age2_1_,
        user0_.name as name3_1_ 
    from
        user user0_
]]></system-out>
  <system-err><![CDATA[]]></system-err>
</testsuite>
